#
# A fatal error has been detected by the Java Runtime Environment:
#
#  SIGSEGV (0xb) at pc=0xb77ce547, pid=2449, tid=2192046912
#
# JRE version: 7.0_21-b02
# Java VM: OpenJDK Server VM (23.7-b01 mixed mode linux-x86 )
# Problematic frame:
# C  [ld-linux.so.2+0x9547]  _dl_rtld_di_serinfo+0xa17
#
# Failed to write core dump. Core dumps have been disabled. To enable core dumping, try "ulimit -c unlimited" before starting Java again
#
# If you would like to submit a bug report, please include
# instructions on how to reproduce the bug and visit:
#   https://bugs.launchpad.net/ubuntu/+source/openjdk-7/
# The crash happened outside the Java Virtual Machine in native code.
# See problematic frame for where to report the bug.
#

---------------  T H R E A D  ---------------

Current thread (0x876a2000):  JavaThread "LWJGL Application" [_thread_in_native, id=2608, stack(0x82a2f000,0x82a80000)]

siginfo:si_signo=SIGSEGV: si_errno=0, si_code=1 (SEGV_MAPERR), si_addr=0x00002c74

Registers:
EAX=0x00002c68, EBX=0xb77e5ff4, ECX=0x82a7e358, EDX=0x88c4708c
ESP=0x82a7e2c0, EBP=0x88b1afcc, ESI=0x00002c68, EDI=0x82a7e358
EIP=0xb77ce547, EFLAGS=0x00010286, CR2=0x00002c74

Top of Stack: (sp=0x82a7e2c0)
0x82a7e2c0:   b6c83c00 b6b9d4f3 8b967c30 b6ca4dc0
0x82a7e2d0:   876a2000 b6c8a784 b6cbb6d9 b718bff4
0x82a7e2e0:   b718bff4 b718bff4 8ae0ca00 b77e5ff4
0x82a7e2f0:   88c47090 00000000 88b1afcc b77cecac
0x82a7e300:   4706b196 b69e794c 8ae0ca00 8ae0c9fc
0x82a7e310:   876a2000 b6eb6c0c b6503e68 88b1afcc
0x82a7e320:   b718bf00 88b3a338 4706b100 00000006
0x82a7e330:   f1347c99 00000209 b3502b48 0789a3e4 

Instructions: (pc=0xb77ce547)
0xb77ce527:   76 00 8d bc 27 00 00 00 00 83 ec 3c 89 5c 24 2c
0xb77ce537:   89 74 24 30 89 c6 89 7c 24 34 89 cf 89 6c 24 38
0xb77ce547:   0f b6 40 0c e8 5b f6 00 00 81 c3 a4 7a 01 00 83
0xb77ce557:   e0 0f 83 f8 06 0f 85 17 01 00 00 31 d2 66 83 7e 

Register to memory mapping:

EAX=0x00002c68 is an unknown value
EBX=0xb77e5ff4: <offset 0x20ff4> in /lib/ld-linux.so.2 at 0xb77c5000
ECX=0x82a7e358 is pointing into the stack for thread: 0x876a2000
EDX=
[error occurred during error reporting (printing register info), id 0xb]

Stack: [0x82a2f000,0x82a80000],  sp=0x82a7e2c0,  free space=316k
Native frames: (J=compiled Java code, j=interpreted, Vv=VM code, C=native code)
C  [ld-linux.so.2+0x9547]  _dl_rtld_di_serinfo+0xa17

Java frames: (J=compiled Java code, j=interpreted, Vv=VM code)
j  java.lang.ClassLoader$NativeLibrary.find(Ljava/lang/String;)J+0
j  java.lang.ClassLoader.findNative(Ljava/lang/ClassLoader;Ljava/lang/String;)J+49
v  ~StubRoutines::call_stub
j  com.badlogic.gdx.math.Matrix4.mul([F[F)V+0
j  com.badlogic.gdx.math.Matrix4.mul(Lcom/badlogic/gdx/math/Matrix4;)Lcom/badlogic/gdx/math/Matrix4;+8
j  com.badlogic.gdx.math.Matrix4.setToLookAt(Lcom/badlogic/gdx/math/Vector3;Lcom/badlogic/gdx/math/Vector3;Lcom/badlogic/gdx/math/Vector3;)Lcom/badlogic/gdx/math/Matrix4;+37
j  com.badlogic.gdx.graphics.OrthographicCamera.update(Z)V+92
j  com.badlogic.gdx.graphics.OrthographicCamera.update()V+2
j  com.badlogic.gdx.graphics.OrthographicCamera.<init>(FF)V+36
j  com.me.lightdark.vues.AfficherMonde.<init>(Lcom/me/lightdark/modeles/Monde;Z)V+23
j  com.me.lightdark.ecrans.GameScreen.show()V+21
j  com.badlogic.gdx.Game.setScreen(Lcom/badlogic/gdx/Screen;)V+32
j  com.me.lightdark.LightDark.create()V+8
j  com.badlogic.gdx.backends.lwjgl.LwjglApplication.mainLoop()V+29
j  com.badlogic.gdx.backends.lwjgl.LwjglApplication$1.run()V+27
v  ~StubRoutines::call_stub

---------------  P R O C E S S  ---------------

Java Threads: ( => current thread )
  0x0993dc00 JavaThread "process reaper" daemon [_thread_blocked, id=2617, stack(0x82a1e000,0x82a2f000)]
  0xb6505800 JavaThread "DestroyJavaVM" [_thread_blocked, id=2470, stack(0xb66e0000,0xb6731000)]
=>0x876a2000 JavaThread "LWJGL Application" [_thread_in_native, id=2608, stack(0x82a2f000,0x82a80000)]
  0x88bf6c00 JavaThread "AWT-XAWT" daemon [_thread_in_native, id=2584, stack(0x87899000,0x878ea000)]
  0x88bcc000 JavaThread "Java2D Disposer" daemon [_thread_blocked, id=2578, stack(0x878ea000,0x8793b000)]
  0x8af88800 JavaThread "Service Thread" daemon [_thread_blocked, id=2562, stack(0x88d55000,0x88da6000)]
  0x8af86800 JavaThread "C2 CompilerThread1" daemon [_thread_blocked, id=2558, stack(0x88da6000,0x88e27000)]
  0x8af84800 JavaThread "C2 CompilerThread0" daemon [_thread_blocked, id=2555, stack(0x88e27000,0x88ea8000)]
  0x8af83000 JavaThread "Signal Dispatcher" daemon [_thread_blocked, id=2551, stack(0x8b101000,0x8b152000)]
  0x8af40800 JavaThread "Finalizer" daemon [_thread_blocked, id=2530, stack(0x890a8000,0x890f9000)]
  0x8af3ec00 JavaThread "Reference Handler" daemon [_thread_blocked, id=2525, stack(0x890f9000,0x8914a000)]

Other Threads:
  0x8af38400 VMThread [stack: 0x8914a000,0x891cb000] [id=2523]
  0x8af8a800 WatcherThread [stack: 0x88cd4000,0x88d55000] [id=2566]

VM state:not at safepoint (normal execution)

VM Mutex/Monitor currently owned by a thread: None

Heap
 PSYoungGen      total 9216K, used 7618K [0xa89a0000, 0xa93e0000, 0xb3440000)
  eden space 7936K, 96% used [0xa89a0000,0xa9110bc8,0xa9160000)
  from space 1280K, 0% used [0xa92a0000,0xa92a0000,0xa93e0000)
  to   space 1280K, 0% used [0xa9160000,0xa9160000,0xa92a0000)
 ParOldGen       total 21056K, used 0K [0x93440000, 0x948d0000, 0xa89a0000)
  object space 21056K, 0% used [0x93440000,0x93440000,0x948d0000)
 PSPermGen       total 16384K, used 5279K [0x8b440000, 0x8c440000, 0x93440000)
  object space 16384K, 32% used [0x8b440000,0x8b967ec0,0x8c440000)

Card table byte_map: [0x8b2ff000,0x8b440000] byte_map_base: 0x8aea4e00

Polling page: 0xb77a3000

Code Cache  [0xb3500000, 0xb3740000, 0xb6500000)
 total_blobs=270 nmethods=25 adapters=198 free_code_cache=48779Kb largest_free_block=49932224

Compilation events (10 events):
Event: 6,121 Thread 0x8af86800 nmethod 21 0xb355e2c8 code [0xb355e3c0, 0xb355e430]
Event: 6,122 Thread 0x8af86800   22             java.nio.StringCharBuffer::get (19 bytes)
Event: 6,123 Thread 0x8af86800 nmethod 22 0xb355ca08 code [0xb355cb20, 0xb355cc50]
Event: 6,123 Thread 0x8af86800   23             java.nio.Buffer::nextGetIndex (31 bytes)
Event: 6,124 Thread 0x8af86800 nmethod 23 0xb355c848 code [0xb355c940, 0xb355c9b0]
Event: 6,124 Thread 0x8af86800   24             org.lwjgl.MemoryUtil$CharSequenceNT::charAt (28 bytes)
Event: 6,125 Thread 0x8af86800 nmethod 24 0xb355c548 code [0xb355c640, 0xb355c710]
Event: 6,125 Thread 0x8af86800   25             java.nio.DirectByteBuffer::put (17 bytes)
Event: 6,126 Thread 0x8af86800 nmethod 25 0xb355c348 code [0xb355c440, 0xb355c4b0]
Event: 6,133 Thread 0x8af84800 nmethod 20 0xb355b808 code [0xb355b980, 0xb355be58]

GC Heap History (0 events):
No events

Deoptimization events (0 events):
No events

Internal exceptions (10 events):
Event: 6,218 Thread 0x876a2000 Threw 0xa90b4440 at /build/buildd/openjdk-7-7u21-2.3.9/build/openjdk/hotspot/src/share/vm/prims/jvm.cpp:1166
Event: 6,220 Thread 0x876a2000 Threw 0xa90b7940 at /build/buildd/openjdk-7-7u21-2.3.9/build/openjdk/hotspot/src/share/vm/prims/jvm.cpp:1166
Event: 6,222 Thread 0x876a2000 Threw 0xa90bc6c8 at /build/buildd/openjdk-7-7u21-2.3.9/build/openjdk/hotspot/src/share/vm/prims/jvm.cpp:1166
Event: 6,223 Thread 0x876a2000 Threw 0xa90c1c70 at /build/buildd/openjdk-7-7u21-2.3.9/build/openjdk/hotspot/src/share/vm/prims/jvm.cpp:1166
Event: 6,223 Thread 0x876a2000 Threw 0xa90c8cf8 at /build/buildd/openjdk-7-7u21-2.3.9/build/openjdk/hotspot/src/share/vm/prims/jvm.cpp:1166
Event: 6,225 Thread 0x876a2000 Threw 0xa90d5120 at /build/buildd/openjdk-7-7u21-2.3.9/build/openjdk/hotspot/src/share/vm/prims/jvm.cpp:1166
Event: 6,255 Thread 0x876a2000 Threw 0xa90dff70 at /build/buildd/openjdk-7-7u21-2.3.9/build/openjdk/hotspot/src/share/vm/prims/jvm.cpp:1166
Event: 6,258 Thread 0x876a2000 Threw 0xa90f3728 at /build/buildd/openjdk-7-7u21-2.3.9/build/openjdk/hotspot/src/share/vm/prims/jvm.cpp:1166
Event: 6,260 Thread 0x876a2000 Threw 0xa90f9cd8 at /build/buildd/openjdk-7-7u21-2.3.9/build/openjdk/hotspot/src/share/vm/prims/jvm.cpp:1166
Event: 6,266 Thread 0x876a2000 Threw 0xa9100348 at /build/buildd/openjdk-7-7u21-2.3.9/build/openjdk/hotspot/src/share/vm/prims/jvm.cpp:1166

Events (10 events):
Event: 6,225 loading class 0x09b7c210
Event: 6,225 loading class 0x09b7c210 done
Event: 6,255 loading class 0x09b7cc20
Event: 6,255 loading class 0x09b7cc20 done
Event: 6,258 loading class 0x09b7c4e8
Event: 6,258 loading class 0x09b7c4e8 done
Event: 6,260 loading class 0x09b7fe68
Event: 6,260 loading class 0x09b7fe68 done
Event: 6,266 loading class 0x09b7ca50
Event: 6,266 loading class 0x09b7ca50 done


Dynamic libraries:
08048000-08049000 r-xp 00000000 08:03 1476079    /usr/lib/jvm/java-7-openjdk-i386/jre/bin/java
08049000-0804a000 r--p 00000000 08:03 1476079    /usr/lib/jvm/java-7-openjdk-i386/jre/bin/java
0804a000-0804b000 rw-p 00001000 08:03 1476079    /usr/lib/jvm/java-7-openjdk-i386/jre/bin/java
098ef000-09c4c000 rw-p 00000000 00:00 0          [heap]
81a0b000-824c9000 rw-p 00000000 00:00 0 
82547000-82550000 r-xp 00000000 08:03 1082022    /usr/lib/i386-linux-gnu/libpciaccess.so.0.11.0
82550000-82551000 r--p 00008000 08:03 1082022    /usr/lib/i386-linux-gnu/libpciaccess.so.0.11.0
82551000-82552000 rw-p 00009000 08:03 1082022    /usr/lib/i386-linux-gnu/libpciaccess.so.0.11.0
82552000-82572000 r-xp 00000000 08:03 1082101    /usr/lib/i386-linux-gnu/libdrm_intel.so.1.0.0
82572000-82573000 r--p 0001f000 08:03 1082101    /usr/lib/i386-linux-gnu/libdrm_intel.so.1.0.0
82573000-82574000 rw-p 00020000 08:03 1082101    /usr/lib/i386-linux-gnu/libdrm_intel.so.1.0.0
82574000-82689000 r-xp 00000000 08:03 1090395    /usr/lib/i386-linux-gnu/dri/libglsl.so
82689000-8268e000 r--p 00114000 08:03 1090395    /usr/lib/i386-linux-gnu/dri/libglsl.so
8268e000-82690000 rw-p 00119000 08:03 1090395    /usr/lib/i386-linux-gnu/dri/libglsl.so
82690000-82691000 rw-p 00000000 00:00 0 
82691000-828ed000 r-xp 00000000 08:03 1090396    /usr/lib/i386-linux-gnu/dri/libdricore.so
828ed000-828ee000 ---p 0025c000 08:03 1090396    /usr/lib/i386-linux-gnu/dri/libdricore.so
828ee000-828f4000 r--p 0025c000 08:03 1090396    /usr/lib/i386-linux-gnu/dri/libdricore.so
828f4000-828f6000 rw-p 00262000 08:03 1090396    /usr/lib/i386-linux-gnu/dri/libdricore.so
828f6000-8290b000 rw-p 00000000 00:00 0 
8290b000-82973000 r-xp 00000000 08:03 1090386    /usr/lib/i386-linux-gnu/dri/i915_dri.so
82973000-82974000 r--p 00067000 08:03 1090386    /usr/lib/i386-linux-gnu/dri/i915_dri.so
82974000-82975000 rw-p 00068000 08:03 1090386    /usr/lib/i386-linux-gnu/dri/i915_dri.so
82975000-82980000 r-xp 00000000 08:03 1081535    /usr/lib/i386-linux-gnu/libdrm.so.2.4.0
82980000-82981000 r--p 0000a000 08:03 1081535    /usr/lib/i386-linux-gnu/libdrm.so.2.4.0
82981000-82982000 rw-p 0000b000 08:03 1081535    /usr/lib/i386-linux-gnu/libdrm.so.2.4.0
82982000-82998000 r-xp 00000000 08:03 1081809    /usr/lib/i386-linux-gnu/libxcb-glx.so.0.0.0
82998000-82999000 r--p 00016000 08:03 1081809    /usr/lib/i386-linux-gnu/libxcb-glx.so.0.0.0
82999000-8299a000 rw-p 00017000 08:03 1081809    /usr/lib/i386-linux-gnu/libxcb-glx.so.0.0.0
8299a000-829a9000 r-xp 00000000 08:03 1073230    /usr/lib/i386-linux-gnu/libglapi.so.0.0.0
829a9000-829ab000 r--p 0000f000 08:03 1073230    /usr/lib/i386-linux-gnu/libglapi.so.0.0.0
829ab000-829b0000 rwxp 00011000 08:03 1073230    /usr/lib/i386-linux-gnu/libglapi.so.0.0.0
829b0000-82a02000 r-xp 00000000 08:03 1090405    /usr/lib/i386-linux-gnu/mesa/libGL.so.1.2
82a02000-82a04000 r--p 00051000 08:03 1090405    /usr/lib/i386-linux-gnu/mesa/libGL.so.1.2
82a04000-82a09000 rwxp 00053000 08:03 1090405    /usr/lib/i386-linux-gnu/mesa/libGL.so.1.2
82a1e000-82a21000 ---p 00000000 00:00 0 
82a21000-82a2f000 rw-p 00000000 00:00 0 
82a2f000-82a32000 ---p 00000000 00:00 0 
82a32000-82a80000 rw-p 00000000 00:00 0 
82a80000-82a81000 ---p 00000000 00:00 0 
82a81000-82b81000 rw-p 00000000 00:00 0 
82b81000-86b82000 rw-s 00000000 00:12 19343      /run/shm/pulse-shm-4192398829
86b82000-86b83000 ---p 00000000 00:00 0 
86b83000-87383000 rw-p 00000000 00:00 0 
87383000-873ac000 r-xp 00000000 08:03 1090966    /usr/lib/i386-linux-gnu/libvorbis.so.0.4.5
873ac000-873ad000 r--p 00028000 08:03 1090966    /usr/lib/i386-linux-gnu/libvorbis.so.0.4.5
873ad000-873ae000 rw-p 00029000 08:03 1090966    /usr/lib/i386-linux-gnu/libvorbis.so.0.4.5
873ae000-87514000 r-xp 00000000 08:03 1090968    /usr/lib/i386-linux-gnu/libvorbisenc.so.2.0.8
87514000-87525000 r--p 00165000 08:03 1090968    /usr/lib/i386-linux-gnu/libvorbisenc.so.2.0.8
87525000-87526000 rw-p 00176000 08:03 1090968    /usr/lib/i386-linux-gnu/libvorbisenc.so.2.0.8
87526000-87572000 r-xp 00000000 08:03 1090341    /usr/lib/i386-linux-gnu/libFLAC.so.8.2.0
87572000-87573000 r--p 0004b000 08:03 1090341    /usr/lib/i386-linux-gnu/libFLAC.so.8.2.0
87573000-87574000 rw-p 0004c000 08:03 1090341    /usr/lib/i386-linux-gnu/libFLAC.so.8.2.0
87574000-8758a000 r-xp 00000000 08:03 674536     /lib/i386-linux-gnu/libnsl-2.15.so
8758a000-8758b000 r--p 00015000 08:03 674536     /lib/i386-linux-gnu/libnsl-2.15.so
8758b000-8758c000 rw-p 00016000 08:03 674536     /lib/i386-linux-gnu/libnsl-2.15.so
8758c000-8758e000 rw-p 00000000 00:00 0 
8758e000-875fa000 r-xp 00000000 08:03 1090903    /usr/lib/i386-linux-gnu/libsndfile.so.1.0.25
875fa000-875fb000 r--p 0006c000 08:03 1090903    /usr/lib/i386-linux-gnu/libsndfile.so.1.0.25
875fb000-875fc000 rw-p 0006d000 08:03 1090903    /usr/lib/i386-linux-gnu/libsndfile.so.1.0.25
875fc000-87600000 rw-p 00000000 00:00 0 
87600000-876a7000 rw-p 00000000 00:00 0 
876a7000-87700000 ---p 00000000 00:00 0 
87703000-87709000 r-xp 00000000 08:03 1090808    /usr/lib/i386-linux-gnu/libogg.so.0.7.1
87709000-8770a000 r--p 00005000 08:03 1090808    /usr/lib/i386-linux-gnu/libogg.so.0.7.1
8770a000-8770b000 rw-p 00006000 08:03 1090808    /usr/lib/i386-linux-gnu/libogg.so.0.7.1
8770b000-87710000 r-xp 00000000 08:03 1090455    /usr/lib/i386-linux-gnu/libasyncns.so.0.3.1
87710000-87711000 r--p 00004000 08:03 1090455    /usr/lib/i386-linux-gnu/libasyncns.so.0.3.1
87711000-87712000 rw-p 00005000 08:03 1090455    /usr/lib/i386-linux-gnu/libasyncns.so.0.3.1
87712000-8771a000 r-xp 00000000 08:03 672780     /lib/i386-linux-gnu/libwrap.so.0.7.6
8771a000-8771b000 r--p 00007000 08:03 672780     /lib/i386-linux-gnu/libwrap.so.0.7.6
8771b000-8771c000 rw-p 00008000 08:03 672780     /lib/i386-linux-gnu/libwrap.so.0.7.6
8771c000-8777f000 r-xp 00000000 08:03 1089729    /usr/lib/i386-linux-gnu/libpulsecommon-1.1.so
8777f000-87780000 r--p 00062000 08:03 1089729    /usr/lib/i386-linux-gnu/libpulsecommon-1.1.so
87780000-87781000 rw-p 00063000 08:03 1089729    /usr/lib/i386-linux-gnu/libpulsecommon-1.1.so
87781000-87787000 r-xp 00000000 08:03 1090742    /usr/lib/i386-linux-gnu/libjson.so.0.0.1
87787000-87788000 r--p 00005000 08:03 1090742    /usr/lib/i386-linux-gnu/libjson.so.0.0.1
87788000-87789000 rw-p 00006000 08:03 1090742    /usr/lib/i386-linux-gnu/libjson.so.0.0.1
87789000-877d5000 r-xp 00000000 08:03 1089728    /usr/lib/i386-linux-gnu/libpulse.so.0.13.5
877d5000-877d6000 r--p 0004b000 08:03 1089728    /usr/lib/i386-linux-gnu/libpulse.so.0.13.5
877d6000-877d7000 rw-p 0004c000 08:03 1089728    /usr/lib/i386-linux-gnu/libpulse.so.0.13.5
877e1000-877ec000 r--p 00000000 08:03 1200471    /usr/share/locale-langpack/fr/LC_MESSAGES/pulseaudio.mo
877ec000-8783a000 r-xp 00000000 08:03 892996     /tmp/libgdxmartyj/13fdc6a4/libopenal.so
8783a000-8783c000 r--p 0004d000 08:03 892996     /tmp/libgdxmartyj/13fdc6a4/libopenal.so
8783c000-8783d000 rw-p 0004f000 08:03 892996     /tmp/libgdxmartyj/13fdc6a4/libopenal.so
8783d000-87897000 r-xp 00000000 08:03 893015     /tmp/libgdxmartyj/13fdc6a4/liblwjgl.so
87897000-87898000 r--p 0005a000 08:03 893015     /tmp/libgdxmartyj/13fdc6a4/liblwjgl.so
87898000-87899000 rw-p 0005b000 08:03 893015     /tmp/libgdxmartyj/13fdc6a4/liblwjgl.so
87899000-8789c000 ---p 00000000 00:00 0 
8789c000-878ea000 rw-p 00000000 00:00 0 
878ea000-878ed000 ---p 00000000 00:00 0 
878ed000-8793b000 rw-p 00000000 00:00 0 
8793b000-87960000 r--p 00000000 08:03 1200485    /usr/share/locale-langpack/fr/LC_MESSAGES/libc.mo
87960000-87963000 r-xp 00000000 08:03 672698     /lib/i386-linux-gnu/libgpg-error.so.0.8.0
87963000-87964000 r--p 00002000 08:03 672698     /lib/i386-linux-gnu/libgpg-error.so.0.8.0
87964000-87965000 rw-p 00003000 08:03 672698     /lib/i386-linux-gnu/libgpg-error.so.0.8.0
87965000-87967000 r-xp 00000000 08:03 672702     /lib/i386-linux-gnu/libkeyutils.so.1.4
87967000-87968000 r--p 00002000 08:03 672702     /lib/i386-linux-gnu/libkeyutils.so.1.4
87968000-87969000 rw-p 00003000 08:03 672702     /lib/i386-linux-gnu/libkeyutils.so.1.4
87969000-879b0000 r-xp 00000000 08:03 671962     /lib/i386-linux-gnu/libdbus-1.so.3.5.8
879b0000-879b1000 r--p 00047000 08:03 671962     /lib/i386-linux-gnu/libdbus-1.so.3.5.8
879b1000-879b2000 rw-p 00048000 08:03 671962     /lib/i386-linux-gnu/libdbus-1.so.3.5.8
879b2000-879c2000 r-xp 00000000 08:03 1090814    /usr/lib/i386-linux-gnu/libp11-kit.so.0.0.0
879c2000-879c3000 r--p 0000f000 08:03 1090814    /usr/lib/i386-linux-gnu/libp11-kit.so.0.0.0
879c3000-879c4000 rw-p 00010000 08:03 1090814    /usr/lib/i386-linux-gnu/libp11-kit.so.0.0.0
879c4000-87a46000 r-xp 00000000 08:03 671867     /lib/i386-linux-gnu/libgcrypt.so.11.7.0
87a46000-87a47000 r--p 00081000 08:03 671867     /lib/i386-linux-gnu/libgcrypt.so.11.7.0
87a47000-87a49000 rw-p 00082000 08:03 671867     /lib/i386-linux-gnu/libgcrypt.so.11.7.0
87a49000-87a59000 r-xp 00000000 08:03 1081818    /usr/lib/i386-linux-gnu/libtasn1.so.3.1.12
87a59000-87a5a000 r--p 0000f000 08:03 1081818    /usr/lib/i386-linux-gnu/libtasn1.so.3.1.12
87a5a000-87a5b000 rw-p 00010000 08:03 1081818    /usr/lib/i386-linux-gnu/libtasn1.so.3.1.12
87a5b000-87a62000 r-xp 00000000 08:03 1081810    /usr/lib/i386-linux-gnu/libkrb5support.so.0.1
87a62000-87a63000 r--p 00006000 08:03 1081810    /usr/lib/i386-linux-gnu/libkrb5support.so.0.1
87a63000-87a64000 rw-p 00007000 08:03 1081810    /usr/lib/i386-linux-gnu/libkrb5support.so.0.1
87a64000-87a67000 r-xp 00000000 08:03 672678     /lib/i386-linux-gnu/libcom_err.so.2.1
87a67000-87a68000 r--p 00002000 08:03 672678     /lib/i386-linux-gnu/libcom_err.so.2.1
87a68000-87a69000 rw-p 00003000 08:03 672678     /lib/i386-linux-gnu/libcom_err.so.2.1
87a69000-87a8f000 r-xp 00000000 08:03 1082437    /usr/lib/i386-linux-gnu/libk5crypto.so.3.1
87a8f000-87a90000 r--p 00025000 08:03 1082437    /usr/lib/i386-linux-gnu/libk5crypto.so.3.1
87a90000-87a91000 rw-p 00026000 08:03 1082437    /usr/lib/i386-linux-gnu/libk5crypto.so.3.1
87a91000-87b59000 r-xp 00000000 08:03 1081808    /usr/lib/i386-linux-gnu/libkrb5.so.3.3
87b59000-87b5f000 r--p 000c7000 08:03 1081808    /usr/lib/i386-linux-gnu/libkrb5.so.3.3
87b5f000-87b60000 rw-p 000cd000 08:03 1081808    /usr/lib/i386-linux-gnu/libkrb5.so.3.3
87b60000-87b68000 r-xp 00000000 08:03 1089837    /usr/lib/i386-linux-gnu/libxcb-render.so.0.0.0
87b68000-87b69000 r--p 00008000 08:03 1089837    /usr/lib/i386-linux-gnu/libxcb-render.so.0.0.0
87b69000-87b6a000 rw-p 00009000 08:03 1089837    /usr/lib/i386-linux-gnu/libxcb-render.so.0.0.0
87b6a000-87b6c000 r-xp 00000000 08:03 1089841    /usr/lib/i386-linux-gnu/libxcb-shm.so.0.0.0
87b6c000-87b6d000 r--p 00001000 08:03 1089841    /usr/lib/i386-linux-gnu/libxcb-shm.so.0.0.0
87b6d000-87b6e000 rw-p 00002000 08:03 1089841    /usr/lib/i386-linux-gnu/libxcb-shm.so.0.0.0
87b6e000-87b96000 r-xp 00000000 08:03 672748     /lib/i386-linux-gnu/libpng12.so.0.46.0
87b96000-87b97000 r--p 00027000 08:03 672748     /lib/i386-linux-gnu/libpng12.so.0.46.0
87b97000-87b98000 rw-p 00028000 08:03 672748     /lib/i386-linux-gnu/libpng12.so.0.46.0
87b98000-87c2b000 r-xp 00000000 08:03 1090840    /usr/lib/i386-linux-gnu/libpixman-1.so.0.24.4
87c2b000-87c2f000 r--p 00092000 08:03 1090840    /usr/lib/i386-linux-gnu/libpixman-1.so.0.24.4
87c2f000-87c30000 rw-p 00096000 08:03 1090840    /usr/lib/i386-linux-gnu/libpixman-1.so.0.24.4
87c30000-87c35000 r-xp 00000000 08:03 1090409    /usr/lib/i386-linux-gnu/libXdmcp.so.6.0.0
87c35000-87c36000 r--p 00004000 08:03 1090409    /usr/lib/i386-linux-gnu/libXdmcp.so.6.0.0
87c36000-87c37000 rw-p 00005000 08:03 1090409    /usr/lib/i386-linux-gnu/libXdmcp.so.6.0.0
87c37000-87c39000 r-xp 00000000 08:03 1090398    /usr/lib/i386-linux-gnu/libXau.so.6.0.0
87c39000-87c3a000 r--p 00001000 08:03 1090398    /usr/lib/i386-linux-gnu/libXau.so.6.0.0
87c3a000-87c3b000 rw-p 00002000 08:03 1090398    /usr/lib/i386-linux-gnu/libXau.so.6.0.0
87c3b000-87c4b000 r-xp 00000000 08:03 1090465    /usr/lib/i386-linux-gnu/libavahi-client.so.3.2.9
87c4b000-87c4c000 r--p 0000f000 08:03 1090465    /usr/lib/i386-linux-gnu/libavahi-client.so.3.2.9
87c4c000-87c4d000 rw-p 00010000 08:03 1090465    /usr/lib/i386-linux-gnu/libavahi-client.so.3.2.9
87c4d000-87c59000 r-xp 00000000 08:03 1090467    /usr/lib/i386-linux-gnu/libavahi-common.so.3.5.3
87c59000-87c5a000 r--p 0000b000 08:03 1090467    /usr/lib/i386-linux-gnu/libavahi-common.so.3.5.3
87c5a000-87c5b000 rw-p 0000c000 08:03 1090467    /usr/lib/i386-linux-gnu/libavahi-common.so.3.5.3
87c5b000-87d1a000 r-xp 00000000 08:03 1081836    /usr/lib/i386-linux-gnu/libgnutls.so.26.21.8
87d1a000-87d1e000 r--p 000bf000 08:03 1081836    /usr/lib/i386-linux-gnu/libgnutls.so.26.21.8
87d1e000-87d1f000 rw-p 000c3000 08:03 1081836    /usr/lib/i386-linux-gnu/libgnutls.so.26.21.8
87d1f000-87d5a000 r-xp 00000000 08:03 1081806    /usr/lib/i386-linux-gnu/libgssapi_krb5.so.2.2
87d5a000-87d5b000 ---p 0003b000 08:03 1081806    /usr/lib/i386-linux-gnu/libgssapi_krb5.so.2.2
87d5b000-87d5c000 r--p 0003b000 08:03 1081806    /usr/lib/i386-linux-gnu/libgssapi_krb5.so.2.2
87d5c000-87d5d000 rw-p 0003c000 08:03 1081806    /usr/lib/i386-linux-gnu/libgssapi_krb5.so.2.2
87d5d000-87d97000 r-xp 00000000 08:03 672744     /lib/i386-linux-gnu/libpcre.so.3.12.1
87d97000-87d98000 r--p 00039000 08:03 672744     /lib/i386-linux-gnu/libpcre.so.3.12.1
87d98000-87d99000 rw-p 0003a000 08:03 672744     /lib/i386-linux-gnu/libpcre.so.3.12.1
87d99000-87d9e000 r-xp 00000000 08:03 1090583    /usr/lib/i386-linux-gnu/libffi.so.6.0.0
87d9e000-87d9f000 r--p 00004000 08:03 1090583    /usr/lib/i386-linux-gnu/libffi.so.6.0.0
87d9f000-87da0000 rw-p 00005000 08:03 1090583    /usr/lib/i386-linux-gnu/libffi.so.6.0.0
87da0000-87dc6000 r-xp 00000000 08:03 671770     /lib/i386-linux-gnu/libexpat.so.1.5.2
87dc6000-87dc7000 ---p 00026000 08:03 671770     /lib/i386-linux-gnu/libexpat.so.1.5.2
87dc7000-87dc9000 r--p 00026000 08:03 671770     /lib/i386-linux-gnu/libexpat.so.1.5.2
87dc9000-87dca000 rw-p 00028000 08:03 671770     /lib/i386-linux-gnu/libexpat.so.1.5.2
87dca000-87e5f000 r-xp 00000000 08:03 1081533    /usr/lib/i386-linux-gnu/libfreetype.so.6.8.0
87e5f000-87e63000 r--p 00094000 08:03 1081533    /usr/lib/i386-linux-gnu/libfreetype.so.6.8.0
87e63000-87e64000 rw-p 00098000 08:03 1081533    /usr/lib/i386-linux-gnu/libfreetype.so.6.8.0
87e64000-87e77000 r-xp 00000000 08:03 672829     /lib/i386-linux-gnu/libresolv-2.15.so
87e77000-87e78000 ---p 00013000 08:03 672829     /lib/i386-linux-gnu/libresolv-2.15.so
87e78000-87e79000 r--p 00013000 08:03 672829     /lib/i386-linux-gnu/libresolv-2.15.so
87e79000-87e7a000 rw-p 00014000 08:03 672829     /lib/i386-linux-gnu/libresolv-2.15.so
87e7a000-87e7c000 rw-p 00000000 00:00 0 
87e7c000-87e99000 r-xp 00000000 08:03 672759     /lib/i386-linux-gnu/libselinux.so.1
87e99000-87e9a000 r--p 0001c000 08:03 672759     /lib/i386-linux-gnu/libselinux.so.1
87e9a000-87e9b000 rw-p 0001d000 08:03 672759     /lib/i386-linux-gnu/libselinux.so.1
87e9b000-87e9e000 r-xp 00000000 08:03 1073198    /usr/lib/i386-linux-gnu/libgmodule-2.0.so.0.3200.3
87e9e000-87e9f000 r--p 00002000 08:03 1073198    /usr/lib/i386-linux-gnu/libgmodule-2.0.so.0.3200.3
87e9f000-87ea0000 rw-p 00003000 08:03 1073198    /usr/lib/i386-linux-gnu/libgmodule-2.0.so.0.3200.3
87ea0000-87ea2000 r-xp 00000000 08:03 1090407    /usr/lib/i386-linux-gnu/libXdamage.so.1.1.0
87ea2000-87ea3000 r--p 00001000 08:03 1090407    /usr/lib/i386-linux-gnu/libXdamage.so.1.1.0
87ea3000-87ea4000 rw-p 00002000 08:03 1090407    /usr/lib/i386-linux-gnu/libXdamage.so.1.1.0
87ea4000-87ea6000 r-xp 00000000 08:03 1090403    /usr/lib/i386-linux-gnu/libXcomposite.so.1.0.0
87ea6000-87ea7000 r--p 00001000 08:03 1090403    /usr/lib/i386-linux-gnu/libXcomposite.so.1.0.0
87ea7000-87ea8000 rw-p 00002000 08:03 1090403    /usr/lib/i386-linux-gnu/libXcomposite.so.1.0.0
87ea8000-87eb1000 r-xp 00000000 08:03 1089846    /usr/lib/i386-linux-gnu/libXcursor.so.1.0.2
87eb1000-87eb2000 r--p 00008000 08:03 1089846    /usr/lib/i386-linux-gnu/libXcursor.so.1.0.2
87eb2000-87eb3000 rw-p 00009000 08:03 1089846    /usr/lib/i386-linux-gnu/libXcursor.so.1.0.2
87eb3000-87eba000 r-xp 00000000 08:03 1089721    /usr/lib/i386-linux-gnu/libXrandr.so.2.2.0
87eba000-87ebb000 r--p 00006000 08:03 1089721    /usr/lib/i386-linux-gnu/libXrandr.so.2.2.0
87ebb000-87ebc000 rw-p 00007000 08:03 1089721    /usr/lib/i386-linux-gnu/libXrandr.so.2.2.0
87ebc000-87ee6000 r-xp 00000000 08:03 1081965    /usr/lib/i386-linux-gnu/libpangoft2-1.0.so.0.3000.0
87ee6000-87ee7000 r--p 00029000 08:03 1081965    /usr/lib/i386-linux-gnu/libpangoft2-1.0.so.0.3000.0
87ee7000-87ee8000 rw-p 0002a000 08:03 1081965    /usr/lib/i386-linux-gnu/libpangoft2-1.0.so.0.3000.0
87ee8000-87faf000 r-xp 00000000 08:03 1081840    /usr/lib/i386-linux-gnu/libcairo.so.2.11000.2
87faf000-87fb0000 r--p 000c7000 08:03 1081840    /usr/lib/i386-linux-gnu/libcairo.so.2.11000.2
87fb0000-87fb1000 rw-p 000c8000 08:03 1081840    /usr/lib/i386-linux-gnu/libcairo.so.2.11000.2
87fb1000-87fb3000 rw-p 00000000 00:00 0 
87fb3000-87fd0000 r-xp 00000000 08:03 1090457    /usr/lib/i386-linux-gnu/libatk-1.0.so.0.20409.1
87fd0000-87fd2000 r--p 0001c000 08:03 1090457    /usr/lib/i386-linux-gnu/libatk-1.0.so.0.20409.1
87fd2000-87fd3000 rw-p 0001e000 08:03 1090457    /usr/lib/i386-linux-gnu/libatk-1.0.so.0.20409.1
87fd3000-87fde000 r-xp 00000000 08:03 1081964    /usr/lib/i386-linux-gnu/libpangocairo-1.0.so.0.3000.0
87fde000-87fdf000 r--p 0000a000 08:03 1081964    /usr/lib/i386-linux-gnu/libpangocairo-1.0.so.0.3000.0
87fdf000-87fe0000 rw-p 0000b000 08:03 1081964    /usr/lib/i386-linux-gnu/libpangocairo-1.0.so.0.3000.0
87fe0000-87fff000 r-xp 00000000 08:03 1073229    /usr/lib/i386-linux-gnu/libxcb.so.1.1.0
87fff000-88000000 r--p 0001f000 08:03 1073229    /usr/lib/i386-linux-gnu/libxcb.so.1.1.0
88000000-88001000 rw-p 00020000 08:03 1073229    /usr/lib/i386-linux-gnu/libxcb.so.1.1.0
88001000-88050000 r-xp 00000000 08:03 1081812    /usr/lib/i386-linux-gnu/libcups.so.2
88050000-88053000 r--p 0004e000 08:03 1081812    /usr/lib/i386-linux-gnu/libcups.so.2
88053000-88054000 rw-p 00051000 08:03 1081812    /usr/lib/i386-linux-gnu/libcups.so.2
88054000-8814b000 r-xp 00000000 08:03 672051     /lib/i386-linux-gnu/libglib-2.0.so.0.3200.3
8814b000-8814c000 r--p 000f6000 08:03 672051     /lib/i386-linux-gnu/libglib-2.0.so.0.3200.3
8814c000-8814d000 rw-p 000f7000 08:03 672051     /lib/i386-linux-gnu/libglib-2.0.so.0.3200.3
8814d000-8819a000 r-xp 00000000 08:03 1073199    /usr/lib/i386-linux-gnu/libgobject-2.0.so.0.3200.3
8819a000-8819b000 r--p 0004c000 08:03 1073199    /usr/lib/i386-linux-gnu/libgobject-2.0.so.0.3200.3
8819b000-8819c000 rw-p 0004d000 08:03 1073199    /usr/lib/i386-linux-gnu/libgobject-2.0.so.0.3200.3
8819c000-881ce000 r-xp 00000000 08:03 1081536    /usr/lib/i386-linux-gnu/libfontconfig.so.1.4.4
881ce000-881cf000 r--p 00032000 08:03 1081536    /usr/lib/i386-linux-gnu/libfontconfig.so.1.4.4
881cf000-881d0000 rw-p 00033000 08:03 1081536    /usr/lib/i386-linux-gnu/libfontconfig.so.1.4.4
881d0000-88217000 r-xp 00000000 08:03 1081961    /usr/lib/i386-linux-gnu/libpango-1.0.so.0.3000.0
88217000-88218000 ---p 00047000 08:03 1081961    /usr/lib/i386-linux-gnu/libpango-1.0.so.0.3000.0
88218000-88219000 r--p 00047000 08:03 1081961    /usr/lib/i386-linux-gnu/libpango-1.0.so.0.3000.0
88219000-8821a000 rw-p 00048000 08:03 1081961    /usr/lib/i386-linux-gnu/libpango-1.0.so.0.3000.0
8821a000-88239000 r-xp 00000000 08:03 1090610    /usr/lib/i386-linux-gnu/libgdk_pixbuf-2.0.so.0.2600.1
88239000-8823a000 r--p 0001e000 08:03 1090610    /usr/lib/i386-linux-gnu/libgdk_pixbuf-2.0.so.0.2600.1
8823a000-8823b000 rw-p 0001f000 08:03 1090610    /usr/lib/i386-linux-gnu/libgdk_pixbuf-2.0.so.0.2600.1
8823b000-8838e000 r-xp 00000000 08:03 1073197    /usr/lib/i386-linux-gnu/libgio-2.0.so.0.3200.3
8838e000-88390000 r--p 00153000 08:03 1073197    /usr/lib/i386-linux-gnu/libgio-2.0.so.0.3200.3
88390000-88391000 rw-p 00155000 08:03 1073197    /usr/lib/i386-linux-gnu/libgio-2.0.so.0.3200.3
88391000-88392000 rw-p 00000000 00:00 0 
88392000-8843d000 r-xp 00000000 08:03 1090608    /usr/lib/i386-linux-gnu/libgdk-x11-2.0.so.0.2400.10
8843d000-8843e000 ---p 000ab000 08:03 1090608    /usr/lib/i386-linux-gnu/libgdk-x11-2.0.so.0.2400.10
8843e000-88440000 r--p 000ab000 08:03 1090608    /usr/lib/i386-linux-gnu/libgdk-x11-2.0.so.0.2400.10
88440000-88441000 rw-p 000ad000 08:03 1090608    /usr/lib/i386-linux-gnu/libgdk-x11-2.0.so.0.2400.10
88441000-888a1000 r-xp 00000000 08:03 1090703    /usr/lib/i386-linux-gnu/libgtk-x11-2.0.so.0.2400.10
888a1000-888a5000 r--p 00460000 08:03 1090703    /usr/lib/i386-linux-gnu/libgtk-x11-2.0.so.0.2400.10
888a5000-888a7000 rw-p 00464000 08:03 1090703    /usr/lib/i386-linux-gnu/libgtk-x11-2.0.so.0.2400.10
888a7000-888a9000 rw-p 00000000 00:00 0 
888a9000-888b7000 r-xp 00000000 08:03 1089850    /usr/lib/i386-linux-gnu/libXi.so.6.1.0
888b7000-888b8000 r--p 0000d000 08:03 1089850    /usr/lib/i386-linux-gnu/libXi.so.6.1.0
888b8000-888b9000 rw-p 0000e000 08:03 1089850    /usr/lib/i386-linux-gnu/libXi.so.6.1.0
888b9000-889e9000 r-xp 00000000 08:03 1089658    /usr/lib/i386-linux-gnu/libX11.so.6.3.0
889e9000-889ea000 r--p 0012f000 08:03 1089658    /usr/lib/i386-linux-gnu/libX11.so.6.3.0
889ea000-889ec000 rw-p 00130000 08:03 1089658    /usr/lib/i386-linux-gnu/libX11.so.6.3.0
889ec000-889ed000 rw-p 00000000 00:00 0 
889ed000-88a3f000 r-xp 00000000 08:03 1778901    /usr/lib/jvm/java-7-openjdk-i386/jre/lib/i386/xawt/libmawt.so
88a3f000-88a40000 r--p 00051000 08:03 1778901    /usr/lib/jvm/java-7-openjdk-i386/jre/lib/i386/xawt/libmawt.so
88a40000-88a42000 rw-p 00052000 08:03 1778901    /usr/lib/jvm/java-7-openjdk-i386/jre/lib/i386/xawt/libmawt.so
88a42000-88a43000 rw-p 00000000 00:00 0 
88a43000-88ad4000 r-xp 00000000 08:03 1739615    /usr/lib/jvm/java-7-openjdk-i386/jre/lib/i386/libawt.so
88ad4000-88ad5000 r--p 00090000 08:03 1739615    /usr/lib/jvm/java-7-openjdk-i386/jre/lib/i386/libawt.so
88ad5000-88adc000 rw-p 00091000 08:03 1739615    /usr/lib/jvm/java-7-openjdk-i386/jre/lib/i386/libawt.so
88adc000-88b00000 rw-p 00000000 00:00 0 
88b00000-88c00000 rw-p 00000000 00:00 0 
88c01000-88c03000 r-xp 00000000 08:03 1089872    /usr/lib/i386-linux-gnu/libXinerama.so.1.0.0
88c03000-88c04000 r--p 00001000 08:03 1089872    /usr/lib/i386-linux-gnu/libXinerama.so.1.0.0
88c04000-88c05000 rw-p 00002000 08:03 1089872    /usr/lib/i386-linux-gnu/libXinerama.so.1.0.0
88c05000-88c09000 r-xp 00000000 08:03 1089691    /usr/lib/i386-linux-gnu/libXfixes.so.3.1.0
88c09000-88c0a000 r--p 00004000 08:03 1089691    /usr/lib/i386-linux-gnu/libXfixes.so.3.1.0
88c0a000-88c0b000 rw-p 00005000 08:03 1089691    /usr/lib/i386-linux-gnu/libXfixes.so.3.1.0
88c0b000-88c0c000 r-xp 00000000 08:03 1073196    /usr/lib/i386-linux-gnu/libgthread-2.0.so.0.3200.3
88c0c000-88c0d000 r--p 00000000 08:03 1073196    /usr/lib/i386-linux-gnu/libgthread-2.0.so.0.3200.3
88c0d000-88c0e000 rw-p 00001000 08:03 1073196    /usr/lib/i386-linux-gnu/libgthread-2.0.so.0.3200.3
88c0e000-88c13000 r-xp 00000000 08:03 1089906    /usr/lib/i386-linux-gnu/libXtst.so.6.1.0
88c13000-88c14000 r--p 00004000 08:03 1089906    /usr/lib/i386-linux-gnu/libXtst.so.6.1.0
88c14000-88c15000 rw-p 00005000 08:03 1089906    /usr/lib/i386-linux-gnu/libXtst.so.6.1.0
88c15000-88c1d000 r-xp 00000000 08:03 1089719    /usr/lib/i386-linux-gnu/libXrender.so.1.3.0
88c1d000-88c1e000 r--p 00007000 08:03 1089719    /usr/lib/i386-linux-gnu/libXrender.so.1.3.0
88c1e000-88c1f000 rw-p 00008000 08:03 1089719    /usr/lib/i386-linux-gnu/libXrender.so.1.3.0
88c1f000-88c2f000 r-xp 00000000 08:03 1089679    /usr/lib/i386-linux-gnu/libXext.so.6.4.0
88c2f000-88c30000 r--p 0000f000 08:03 1089679    /usr/lib/i386-linux-gnu/libXext.so.6.4.0
88c30000-88c31000 rw-p 00010000 08:03 1089679    /usr/lib/i386-linux-gnu/libXext.so.6.4.0
88c32000-88c33000 rw-p 00000000 00:00 0 
88c33000-88c34000 r-xp 00000000 08:03 1081539    /usr/lib/i386-linux-gnu/libX11-xcb.so.1.0.0
88c34000-88c35000 r--p 00000000 08:03 1081539    /usr/lib/i386-linux-gnu/libX11-xcb.so.1.0.0
88c35000-88c36000 rw-p 00001000 08:03 1081539    /usr/lib/i386-linux-gnu/libX11-xcb.so.1.0.0
88c36000-88c3a000 r-xp 00000000 08:03 1089910    /usr/lib/i386-linux-gnu/libXxf86vm.so.1.0.0
88c3a000-88c3b000 r--p 00003000 08:03 1089910    /usr/lib/i386-linux-gnu/libXxf86vm.so.1.0.0
88c3b000-88c3c000 rw-p 00004000 08:03 1089910    /usr/lib/i386-linux-gnu/libXxf86vm.so.1.0.0
88c3c000-88c3d000 r-xp 00000000 08:03 1739716    /usr/lib/jvm/java-7-openjdk-i386/jre/lib/i386/libjawt.so
88c3d000-88c3e000 r--p 00000000 08:03 1739716    /usr/lib/jvm/java-7-openjdk-i386/jre/lib/i386/libjawt.so
88c3e000-88c3f000 rw-p 00001000 08:03 1739716    /usr/lib/jvm/java-7-openjdk-i386/jre/lib/i386/libjawt.so
88c3f000-88c46000 r--s 00000000 08:03 1090254    /usr/lib/i386-linux-gnu/gconv/gconv-modules.cache
88c46000-88cb5000 r-xp 00000000 08:03 893013     /tmp/libgdxmartyj/39095a21/libgdx.so
88cb5000-88cb6000 r--p 0006f000 08:03 893013     /tmp/libgdxmartyj/39095a21/libgdx.so
88cb6000-88cb7000 rw-p 00070000 08:03 893013     /tmp/libgdxmartyj/39095a21/libgdx.so
88cb7000-88cc0000 r--s 000bc000 08:03 1564699    /usr/lib/jvm/java-7-openjdk-common/jre/lib/resources.jar
88cc0000-88cd1000 r--s 00127000 00:15 3073500    /home/ann2/martyj/Docs/S3/projet/Java/lightdark-desktop/libs/gdx-backend-lwjgl.jar
88cd1000-88cd4000 r--s 0000b000 00:15 3073061    /home/ann2/martyj/Docs/S3/projet/Java/lightdark/libs/tween-engine-api.jar
88cd4000-88cd5000 ---p 00000000 00:00 0 
88cd5000-88d55000 rw-p 00000000 00:00 0 
88d55000-88d58000 ---p 00000000 00:00 0 
88d58000-88da6000 rw-p 00000000 00:00 0 
88da6000-88da9000 ---p 00000000 00:00 0 
88da9000-88e27000 rw-p 00000000 00:00 0 
88e27000-88e2a000 ---p 00000000 00:00 0 
88e2a000-88ea8000 rw-p 00000000 00:00 0 
88ea8000-890a8000 r--p 00000000 08:03 1261569    /usr/lib/locale/locale-archive
890a8000-890ab000 ---p 00000000 00:00 0 
890ab000-890f9000 rw-p 00000000 00:00 0 
890f9000-890fc000 ---p 00000000 00:00 0 
890fc000-8914a000 rw-p 00000000 00:00 0 
8914a000-8914b000 ---p 00000000 00:00 0 
8914b000-89213000 rw-p 00000000 00:00 0 
89213000-893c0000 r--s 01cde000 08:03 1632575    /usr/lib/jvm/java-7-openjdk-i386/jre/lib/rt.jar
893c0000-8ae00000 rw-p 00000000 00:00 0 
8ae00000-8aeed000 rw-p 00000000 00:00 0 
8aeed000-8af00000 ---p 00000000 00:00 0 
8af00000-8b000000 rw-p 00000000 00:00 0 
8b000000-8b021000 rw-p 00000000 00:00 0 
8b021000-8b100000 ---p 00000000 00:00 0 
8b100000-8b101000 rwxp 00000000 00:00 0 
8b101000-8b104000 ---p 00000000 00:00 0 
8b104000-8b152000 rw-p 00000000 00:00 0 
8b152000-8b153000 ---p 00000000 00:00 0 
8b153000-8b1d3000 rw-p 00000000 00:00 0 
8b1d3000-8b1d4000 ---p 00000000 00:00 0 
8b1d4000-8b25f000 rw-p 00000000 00:00 0 
8b25f000-8b2ff000 rw-p 00000000 00:00 0 
8b2ff000-8b307000 rw-p 00000000 00:00 0 
8b307000-8b33f000 rw-p 00000000 00:00 0 
8b33f000-8b34a000 rw-p 00000000 00:00 0 
8b34a000-8b3e9000 rw-p 00000000 00:00 0 
8b3e9000-8b3ef000 rw-p 00000000 00:00 0 
8b3ef000-8b43f000 rw-p 00000000 00:00 0 
8b43f000-8c440000 rw-p 00000000 00:00 0 
8c440000-93440000 rw-p 00000000 00:00 0 
93440000-948d0000 rw-p 00000000 00:00 0 
948d0000-a89a0000 rw-p 00000000 00:00 0 
a89a0000-a93e0000 rw-p 00000000 00:00 0 
a93e0000-b3440000 rw-p 00000000 00:00 0 
b3440000-b3449000 rw-p 00000000 00:00 0 
b3449000-b3500000 rw-p 00000000 00:00 0 
b3500000-b3740000 rwxp 00000000 00:00 0 
b3740000-b6600000 rw-p 00000000 00:00 0 
b6600000-b6602000 r--s 0019e000 00:15 3073497    /home/ann2/martyj/Docs/S3/projet/Java/lightdark-desktop/libs/gdx-backend-lwjgl-natives.jar
b6602000-b6603000 r--s 00001000 00:15 3073057    /home/ann2/martyj/Docs/S3/projet/Java/lightdark/libs/bodyeditor-loader.jar
b6603000-b6619000 r--s 00145000 00:15 3073059    /home/ann2/martyj/Docs/S3/projet/Java/lightdark/libs/gdx.jar
b6619000-b661c000 r--s 0000f000 08:03 1589253    /usr/lib/jvm/java-7-openjdk-common/jre/lib/ext/pulse-java.jar
b661c000-b661d000 r--s 00007000 08:03 1160981    /usr/share/java/java-atk-wrapper.jar
b661d000-b6620000 r--s 00032000 08:03 1589252    /usr/lib/jvm/java-7-openjdk-common/jre/lib/ext/sunjce_provider.jar
b6620000-b6624000 r--s 00085000 08:03 1589251    /usr/lib/jvm/java-7-openjdk-common/jre/lib/ext/localedata.jar
b6624000-b6627000 r--s 0003c000 08:03 1589250    /usr/lib/jvm/java-7-openjdk-common/jre/lib/ext/sunpkcs11.jar
b6627000-b662f000 rw-p 00000000 00:00 0 
b662f000-b6667000 rw-p 00000000 00:00 0 
b6667000-b666f000 r-xp 00000000 08:03 1739609    /usr/lib/jvm/java-7-openjdk-i386/jre/lib/i386/libzip.so
b666f000-b6670000 r--p 00007000 08:03 1739609    /usr/lib/jvm/java-7-openjdk-i386/jre/lib/i386/libzip.so
b6670000-b6671000 rw-p 00008000 08:03 1739609    /usr/lib/jvm/java-7-openjdk-i386/jre/lib/i386/libzip.so
b6671000-b6679000 rw-s 00000000 08:03 892991     /tmp/hsperfdata_martyj/2449
b6679000-b66ae000 r--s 00000000 08:03 1703966    /var/cache/nscd/passwd
b66ae000-b66d5000 r-xp 00000000 08:03 1739723    /usr/lib/jvm/java-7-openjdk-i386/jre/lib/i386/libjava.so
b66d5000-b66d6000 r--p 00026000 08:03 1739723    /usr/lib/jvm/java-7-openjdk-i386/jre/lib/i386/libjava.so
b66d6000-b66d7000 rw-p 00027000 08:03 1739723    /usr/lib/jvm/java-7-openjdk-i386/jre/lib/i386/libjava.so
b66d7000-b66de000 r-xp 00000000 08:03 674520     /lib/i386-linux-gnu/librt-2.15.so
b66de000-b66df000 r--p 00006000 08:03 674520     /lib/i386-linux-gnu/librt-2.15.so
b66df000-b66e0000 rw-p 00007000 08:03 674520     /lib/i386-linux-gnu/librt-2.15.so
b66e0000-b66e3000 ---p 00000000 00:00 0 
b66e3000-b6731000 rw-p 00000000 00:00 0 
b6731000-b674d000 r-xp 00000000 08:03 672692     /lib/i386-linux-gnu/libgcc_s.so.1
b674d000-b674e000 r--p 0001b000 08:03 672692     /lib/i386-linux-gnu/libgcc_s.so.1
b674e000-b674f000 rw-p 0001c000 08:03 672692     /lib/i386-linux-gnu/libgcc_s.so.1
b674f000-b6779000 r-xp 00000000 08:03 674527     /lib/i386-linux-gnu/libm-2.15.so
b6779000-b677a000 r--p 00029000 08:03 674527     /lib/i386-linux-gnu/libm-2.15.so
b677a000-b677b000 rw-p 0002a000 08:03 674527     /lib/i386-linux-gnu/libm-2.15.so
b677b000-b6853000 r-xp 00000000 08:03 1090925    /usr/lib/i386-linux-gnu/libstdc++.so.6.0.16
b6853000-b6854000 ---p 000d8000 08:03 1090925    /usr/lib/i386-linux-gnu/libstdc++.so.6.0.16
b6854000-b6858000 r--p 000d8000 08:03 1090925    /usr/lib/i386-linux-gnu/libstdc++.so.6.0.16
b6858000-b6859000 rw-p 000dc000 08:03 1090925    /usr/lib/i386-linux-gnu/libstdc++.so.6.0.16
b6859000-b6860000 rw-p 00000000 00:00 0 
b6860000-b7145000 r-xp 00000000 08:03 1572866    /usr/lib/jvm/java-7-openjdk-i386/jre/lib/i386/server/libjvm.so
b7145000-b718c000 r--p 008e5000 08:03 1572866    /usr/lib/jvm/java-7-openjdk-i386/jre/lib/i386/server/libjvm.so
b718c000-b71a0000 rw-p 0092c000 08:03 1572866    /usr/lib/jvm/java-7-openjdk-i386/jre/lib/i386/server/libjvm.so
b71a0000-b75be000 rw-p 00000000 00:00 0 
b75be000-b75d2000 r-xp 00000000 08:03 672782     /lib/i386-linux-gnu/libz.so.1.2.3.4
b75d2000-b75d3000 r--p 00013000 08:03 672782     /lib/i386-linux-gnu/libz.so.1.2.3.4
b75d3000-b75d4000 rw-p 00014000 08:03 672782     /lib/i386-linux-gnu/libz.so.1.2.3.4
b75d4000-b75eb000 r-xp 00000000 08:03 674524     /lib/i386-linux-gnu/libpthread-2.15.so
b75eb000-b75ec000 r--p 00016000 08:03 674524     /lib/i386-linux-gnu/libpthread-2.15.so
b75ec000-b75ed000 rw-p 00017000 08:03 674524     /lib/i386-linux-gnu/libpthread-2.15.so
b75ed000-b75ef000 rw-p 00000000 00:00 0 
b75ef000-b75f2000 r-xp 00000000 08:03 674531     /lib/i386-linux-gnu/libdl-2.15.so
b75f2000-b75f3000 r--p 00002000 08:03 674531     /lib/i386-linux-gnu/libdl-2.15.so
b75f3000-b75f4000 rw-p 00003000 08:03 674531     /lib/i386-linux-gnu/libdl-2.15.so
b75f4000-b7797000 r-xp 00000000 08:03 671808     /lib/i386-linux-gnu/libc-2.15.so
b7797000-b7799000 r--p 001a3000 08:03 671808     /lib/i386-linux-gnu/libc-2.15.so
b7799000-b779a000 rw-p 001a5000 08:03 671808     /lib/i386-linux-gnu/libc-2.15.so
b779a000-b779d000 rw-p 00000000 00:00 0 
b779d000-b779e000 r--s 00123000 00:15 3073502    /home/ann2/martyj/Docs/S3/projet/Java/lightdark-desktop/libs/gdx-natives.jar
b779e000-b779f000 r--s 00002000 08:03 1589254    /usr/lib/jvm/java-7-openjdk-common/jre/lib/ext/dnsns.jar
b779f000-b77a1000 r--s 00012000 08:03 1589255    /usr/lib/jvm/java-7-openjdk-common/jre/lib/ext/zipfs.jar
b77a1000-b77a2000 r--p 00858000 08:03 1261569    /usr/lib/locale/locale-archive
b77a2000-b77a3000 rw-p 00000000 00:00 0 
b77a3000-b77a4000 r--p 00000000 00:00 0 
b77a4000-b77b0000 r-xp 00000000 08:03 1739709    /usr/lib/jvm/java-7-openjdk-i386/jre/lib/i386/libverify.so
b77b0000-b77b1000 r--p 0000b000 08:03 1739709    /usr/lib/jvm/java-7-openjdk-i386/jre/lib/i386/libverify.so
b77b1000-b77b2000 rw-p 0000c000 08:03 1739709    /usr/lib/jvm/java-7-openjdk-i386/jre/lib/i386/libverify.so
b77b2000-b77bf000 r-xp 00000000 08:03 1739717    /usr/lib/jvm/java-7-openjdk-i386/jre/lib/i386/jli/libjli.so
b77bf000-b77c0000 r--p 0000c000 08:03 1739717    /usr/lib/jvm/java-7-openjdk-i386/jre/lib/i386/jli/libjli.so
b77c0000-b77c1000 rw-p 0000d000 08:03 1739717    /usr/lib/jvm/java-7-openjdk-i386/jre/lib/i386/jli/libjli.so
b77c1000-b77c4000 rw-p 00000000 00:00 0 
b77c4000-b77c5000 r-xp 00000000 00:00 0          [vdso]
b77c5000-b77e5000 r-xp 00000000 08:03 674528     /lib/i386-linux-gnu/ld-2.15.so
b77e5000-b77e6000 r--p 0001f000 08:03 674528     /lib/i386-linux-gnu/ld-2.15.so
b77e6000-b77e7000 rw-p 00020000 08:03 674528     /lib/i386-linux-gnu/ld-2.15.so
bffd8000-bfff9000 rw-p 00000000 00:00 0          [stack]

VM Arguments:
jvm_args: -Dfile.encoding=UTF-8 
java_command: com.me.lightdark.Main
Launcher Type: SUN_STANDARD

Environment Variables:
PATH=/home/ann2/martyj/apps/bin:/usr/lib/lightdm/lightdm:/usr/local/sbin:/usr/local/bin:/usr/sbin:/usr/bin:/sbin:/bin:/usr/games
LD_LIBRARY_PATH=/usr/lib/jvm/java-7-openjdk-i386/jre/lib/i386/server:/usr/lib/jvm/java-7-openjdk-i386/jre/lib/i386:/usr/lib/jvm/java-7-openjdk-i386/jre/../lib/i386:/usr/lib/jvm/java-7-openjdk-i386/jre/lib/i386/client:/usr/lib/jvm/java-7-openjdk-i386/jre/lib/i386:
SHELL=/bin/bash
DISPLAY=:0

Signal Handlers:
SIGSEGV: [libjvm.so+0x753ab0], sa_mask[0]=0x7ffbfeff, sa_flags=0x10000004
SIGBUS: [libjvm.so+0x753ab0], sa_mask[0]=0x7ffbfeff, sa_flags=0x10000004
SIGFPE: [libjvm.so+0x5e95d0], sa_mask[0]=0x7ffbfeff, sa_flags=0x10000004
SIGPIPE: [libjvm.so+0x5e95d0], sa_mask[0]=0x7ffbfeff, sa_flags=0x10000004
SIGXFSZ: [libjvm.so+0x5e95d0], sa_mask[0]=0x7ffbfeff, sa_flags=0x10000004
SIGILL: [libjvm.so+0x5e95d0], sa_mask[0]=0x7ffbfeff, sa_flags=0x10000004
SIGUSR1: SIG_DFL, sa_mask[0]=0x00000000, sa_flags=0x00000000
SIGUSR2: [libjvm.so+0x5e9460], sa_mask[0]=0x00000004, sa_flags=0x10000004
SIGHUP: [libjvm.so+0x5e9ae0], sa_mask[0]=0x7ffbfeff, sa_flags=0x10000004
SIGINT: [libjvm.so+0x5e9ae0], sa_mask[0]=0x7ffbfeff, sa_flags=0x10000004
SIGTERM: [libjvm.so+0x5e9ae0], sa_mask[0]=0x7ffbfeff, sa_flags=0x10000004
SIGQUIT: [libjvm.so+0x5e9ae0], sa_mask[0]=0x7ffbfeff, sa_flags=0x10000004


---------------  S Y S T E M  ---------------

OS:Ubuntu 12.04 (precise)
uname:Linux 3.2.0-48-generic-pae #74-Ubuntu SMP Thu Jun 6 20:05:01 UTC 2013 i686
libc:glibc 2.15 NPTL 2.15 
rlimit: STACK 8192k, CORE 0k, NPROC 15648, NOFILE 4096, AS infinity
load average:1,79 0,63 0,27

/proc/meminfo:
MemTotal:        2017624 kB
MemFree:          149924 kB
Buffers:           88516 kB
Cached:          1067992 kB
SwapCached:            0 kB
Active:           858656 kB
Inactive:         947000 kB
Active(anon):     703304 kB
Inactive(anon):   239432 kB
Active(file):     155352 kB
Inactive(file):   707568 kB
Unevictable:           0 kB
Mlocked:               0 kB
HighTotal:       1139716 kB
HighFree:          14540 kB
LowTotal:         877908 kB
LowFree:          135384 kB
SwapTotal:             0 kB
SwapFree:              0 kB
Dirty:              1676 kB
Writeback:             0 kB
AnonPages:        649440 kB
Mapped:           186948 kB
Shmem:            293476 kB
Slab:              36156 kB
SReclaimable:      20560 kB
SUnreclaim:        15596 kB
KernelStack:        4160 kB
PageTables:         8220 kB
NFS_Unstable:          0 kB
Bounce:                0 kB
WritebackTmp:          0 kB
CommitLimit:     1008812 kB
Committed_AS:    3213384 kB
VmallocTotal:     122880 kB
VmallocUsed:       12092 kB
VmallocChunk:     109616 kB
HardwareCorrupted:     0 kB
AnonHugePages:         0 kB
HugePages_Total:       0
HugePages_Free:        0
HugePages_Rsvd:        0
HugePages_Surp:        0
Hugepagesize:       2048 kB
DirectMap4k:       10232 kB
DirectMap2M:      903168 kB


CPU:total 2 (2 cores per cpu, 1 threads per core) family 6 model 15 stepping 11, cmov, cx8, fxsr, mmx, sse, sse2, sse3, ssse3, tsc

/proc/cpuinfo:
processor	: 0
vendor_id	: GenuineIntel
cpu family	: 6
model		: 15
model name	: Intel(R) Core(TM)2 Duo CPU     E6550  @ 2.33GHz
stepping	: 11
microcode	: 0xb3
cpu MHz		: 2333.000
cache size	: 4096 KB
physical id	: 0
siblings	: 2
core id		: 0
cpu cores	: 2
apicid		: 0
initial apicid	: 0
fdiv_bug	: no
hlt_bug		: no
f00f_bug	: no
coma_bug	: no
fpu		: yes
fpu_exception	: yes
cpuid level	: 10
wp		: yes
flags		: fpu vme de pse tsc msr pae mce cx8 apic sep mtrr pge mca cmov pat pse36 clflush dts acpi mmx fxsr sse sse2 ss ht tm pbe nx lm constant_tsc arch_perfmon pebs bts aperfmperf pni dtes64 monitor ds_cpl vmx smx est tm2 ssse3 cx16 xtpr pdcm lahf_lm dtherm tpr_shadow vnmi flexpriority
bogomips	: 4655.10
clflush size	: 64
cache_alignment	: 64
address sizes	: 36 bits physical, 48 bits virtual
power management:

processor	: 1
vendor_id	: GenuineIntel
cpu family	: 6
model		: 15
model name	: Intel(R) Core(TM)2 Duo CPU     E6550  @ 2.33GHz
stepping	: 11
microcode	: 0xb3
cpu MHz		: 2333.000
cache size	: 4096 KB
physical id	: 0
siblings	: 2
core id		: 1
cpu cores	: 2
apicid		: 1
initial apicid	: 1
fdiv_bug	: no
hlt_bug		: no
f00f_bug	: no
coma_bug	: no
fpu		: yes
fpu_exception	: yes
cpuid level	: 10
wp		: yes
flags		: fpu vme de pse tsc msr pae mce cx8 apic sep mtrr pge mca cmov pat pse36 clflush dts acpi mmx fxsr sse sse2 ss ht tm pbe nx lm constant_tsc arch_perfmon pebs bts aperfmperf pni dtes64 monitor ds_cpl vmx smx est tm2 ssse3 cx16 xtpr pdcm lahf_lm dtherm tpr_shadow vnmi flexpriority
bogomips	: 4654.94
clflush size	: 64
cache_alignment	: 64
address sizes	: 36 bits physical, 48 bits virtual
power management:



Memory: 4k page, physical 2017624k(149924k free), swap 0k(0k free)

vm_info: OpenJDK Server VM (23.7-b01) for linux-x86 JRE (1.7.0_21-b02), built on Apr 23 2013 13:58:31 by "buildd" with gcc 4.6.3

time: Wed Dec 11 12:21:56 2013
elapsed time: 6 seconds

