#
# A fatal error has been detected by the Java Runtime Environment:
#
#  SIGBUS (0x7) at pc=0xb774b957, pid=2481, tid=3060394816
#
# JRE version: 7.0_21-b02
# Java VM: OpenJDK Server VM (23.7-b01 mixed mode linux-x86 )
# Problematic frame:
# C  [ld-linux.so.2+0x18957]  realloc+0x2f17
#
# Failed to write core dump. Core dumps have been disabled. To enable core dumping, try "ulimit -c unlimited" before starting Java again
#
# If you would like to submit a bug report, please include
# instructions on how to reproduce the bug and visit:
#   https://bugs.launchpad.net/ubuntu/+source/openjdk-7/
# The crash happened outside the Java Virtual Machine in native code.
# See problematic frame for where to report the bug.
#

---------------  T H R E A D  ---------------

Current thread (0xb6505800):  JavaThread "main" [_thread_in_native, id=2485, stack(0xb664e000,0xb669f000)]

siginfo:si_signo=SIGBUS: si_errno=0, si_code=2 (BUS_ADRERR), si_addr=0x88bda530

Registers:
EAX=0x00000000, EBX=0xb7753ff4, ECX=0x00000165, EDX=0x00000000
ESP=0xb669caf8, EBP=0xb669cce8, ESI=0xb669cb58, EDI=0x88bda530
EIP=0xb774b957, EFLAGS=0x00210246, CR2=0x88bda530

Top of Stack: (sp=0xb669caf8)
0xb669caf8:   88a1a918 b77398c7 88bda530 00000000
0xb669cb08:   00000594 00000812 00000013 0006f000
0xb669cb18:   00000000 b7706ff4 88a1a918 b6500010
0xb669cb28:   00000025 b75dbdec 88a1a918 00000000
0xb669cb38:   00000294 00000003 00000000 0006f000
0xb669cb48:   0006ed90 0006ed90 00000000 00000005
0xb669cb58:   0006f000 00071000 00070530 00070ac4
0xb669cb68:   0006f000 00000003 88a06ec0 88a1a8e8 

Instructions: (pc=0xb774b957)
0xb774b937:   11 7a 04 aa 49 74 1f aa 49 74 1b 83 f2 01 75 02
0xb774b947:   aa 49 89 ca c1 e9 02 83 e2 03 69 c0 01 01 01 01
0xb774b957:   f3 ab 89 d1 f3 aa 8b 44 24 08 5f c3 90 90 90 90
0xb774b967:   90 90 90 90 90 90 90 90 90 8b 4c 24 0c 89 f8 8b 

Register to memory mapping:

EAX=0x00000000 is an unknown value
EBX=0xb7753ff4: <offset 0x20ff4> in /lib/ld-linux.so.2 at 0xb7733000
ECX=0x00000165 is an unknown value
EDX=0x00000000 is an unknown value
ESP=0xb669caf8 is pointing into the stack for thread: 0xb6505800
EBP=0xb669cce8 is pointing into the stack for thread: 0xb6505800
ESI=0xb669cb58 is pointing into the stack for thread: 0xb6505800
EDI=0x88bda530 is an unknown value


Stack: [0xb664e000,0xb669f000],  sp=0xb669caf8,  free space=314k
Native frames: (J=compiled Java code, j=interpreted, Vv=VM code, C=native code)
C  [ld-linux.so.2+0x18957]  realloc+0x2f17

Java frames: (J=compiled Java code, j=interpreted, Vv=VM code)
j  java.lang.ClassLoader$NativeLibrary.load(Ljava/lang/String;)V+0
j  java.lang.ClassLoader.loadLibrary1(Ljava/lang/Class;Ljava/io/File;)Z+302
j  java.lang.ClassLoader.loadLibrary0(Ljava/lang/Class;Ljava/io/File;)Z+2
j  java.lang.ClassLoader.loadLibrary(Ljava/lang/Class;Ljava/lang/String;Z)V+48
j  java.lang.Runtime.load0(Ljava/lang/Class;Ljava/lang/String;)V+57
j  java.lang.System.load(Ljava/lang/String;)V+7
j  com.badlogic.gdx.utils.SharedLibraryLoader.loadFile(Ljava/lang/String;Ljava/lang/String;Ljava/io/File;)Ljava/lang/Throwable;+10
j  com.badlogic.gdx.utils.SharedLibraryLoader.loadFile(Ljava/lang/String;)V+77
j  com.badlogic.gdx.utils.SharedLibraryLoader.load(Ljava/lang/String;)V+39
j  com.badlogic.gdx.utils.GdxNativesLoader.load()V+35
j  com.badlogic.gdx.backends.lwjgl.LwjglNativesLoader.load()V+0
j  com.badlogic.gdx.backends.lwjgl.LwjglApplication.<init>(Lcom/badlogic/gdx/ApplicationListener;Lcom/badlogic/gdx/backends/lwjgl/LwjglApplicationConfiguration;Lcom/badlogic/gdx/backends/lwjgl/LwjglGraphics;)V+58
j  com.badlogic.gdx.backends.lwjgl.LwjglApplication.<init>(Lcom/badlogic/gdx/ApplicationListener;Lcom/badlogic/gdx/backends/lwjgl/LwjglApplicationConfiguration;)V+11
j  com.me.lightdark.Main.main([Ljava/lang/String;)V+44
v  ~StubRoutines::call_stub

---------------  P R O C E S S  ---------------

Java Threads: ( => current thread )
  0x89088800 JavaThread "Service Thread" daemon [_thread_blocked, id=2563, stack(0x88c5c000,0x88cad000)]
  0x89086800 JavaThread "C2 CompilerThread1" daemon [_thread_blocked, id=2559, stack(0x88cad000,0x88d2e000)]
  0x89084800 JavaThread "C2 CompilerThread0" daemon [_thread_blocked, id=2554, stack(0x88d2e000,0x88daf000)]
  0x89083000 JavaThread "Signal Dispatcher" daemon [_thread_blocked, id=2552, stack(0x88daf000,0x88e00000)]
  0x89040800 JavaThread "Finalizer" daemon [_thread_blocked, id=2531, stack(0x8af2e000,0x8af7f000)]
  0x8903ec00 JavaThread "Reference Handler" daemon [_thread_blocked, id=2529, stack(0x8b102000,0x8b153000)]
=>0xb6505800 JavaThread "main" [_thread_in_native, id=2485, stack(0xb664e000,0xb669f000)]

Other Threads:
  0x89038400 VMThread [stack: 0x8914a000,0x891cb000] [id=2520]
  0x8908a800 WatcherThread [stack: 0x88bdb000,0x88c5c000] [id=2567]

VM state:not at safepoint (normal execution)

VM Mutex/Monitor currently owned by a thread: None

Heap
 PSYoungGen      total 9216K, used 1473K [0xa8960000, 0xa93a0000, 0xb3400000)
  eden space 7936K, 18% used [0xa8960000,0xa8ad0490,0xa9120000)
  from space 1280K, 0% used [0xa9260000,0xa9260000,0xa93a0000)
  to   space 1280K, 0% used [0xa9120000,0xa9120000,0xa9260000)
 ParOldGen       total 21056K, used 0K [0x93400000, 0x94890000, 0xa8960000)
  object space 21056K, 0% used [0x93400000,0x93400000,0x94890000)
 PSPermGen       total 16384K, used 2134K [0x8b400000, 0x8c400000, 0x93400000)
  object space 16384K, 13% used [0x8b400000,0x8b615920,0x8c400000)

Card table byte_map: [0x8b2bf000,0x8b400000] byte_map_base: 0x8ae65000

Polling page: 0xb7711000

Code Cache  [0xb34cb000, 0xb370b000, 0xb64cb000)
 total_blobs=123 nmethods=6 adapters=70 free_code_cache=48851Kb largest_free_block=50011584

Compilation events (10 events):
Event: 2,032 Thread 0x89086800    2             java.lang.String::indexOf (166 bytes)
Event: 2,046 Thread 0x89086800 nmethod 2 0xb3514188 code [0xb3514280, 0xb3514650]
Event: 2,046 Thread 0x89086800    3             java.lang.String::indexOf (70 bytes)
Event: 2,064 Thread 0x89086800 nmethod 3 0xb35173c8 code [0xb35174c0, 0xb351763c]
Event: 2,106 Thread 0x89084800    4             java.lang.String::hashCode (55 bytes)
Event: 2,108 Thread 0x89084800 nmethod 4 0xb3513e88 code [0xb3513f80, 0xb35140f0]
Event: 2,220 Thread 0x89084800    5             java.lang.String::charAt (29 bytes)
Event: 2,220 Thread 0x89084800 nmethod 5 0xb3513c48 code [0xb3513d40, 0xb3513dd0]
Event: 2,220 Thread 0x89084800    6             java.lang.String::lastIndexOf (52 bytes)
Event: 2,239 Thread 0x89084800 nmethod 6 0xb3518f48 code [0xb3519040, 0xb351917c]

GC Heap History (0 events):
No events

Deoptimization events (0 events):
No events

Internal exceptions (10 events):
Event: 2,246 Thread 0xb6505800 Threw 0xa8aac320 at /build/buildd/openjdk-7-7u21-2.3.9/build/openjdk/hotspot/src/share/vm/prims/jvm.cpp:1166
Event: 2,246 Thread 0xb6505800 Threw 0xa8aac438 at /build/buildd/openjdk-7-7u21-2.3.9/build/openjdk/hotspot/src/share/vm/prims/jvm.cpp:1166
Event: 2,246 Thread 0xb6505800 Threw 0xa8aae0e8 at /build/buildd/openjdk-7-7u21-2.3.9/build/openjdk/hotspot/src/share/vm/prims/jvm.cpp:1166
Event: 2,246 Thread 0xb6505800 Threw 0xa8aae200 at /build/buildd/openjdk-7-7u21-2.3.9/build/openjdk/hotspot/src/share/vm/prims/jvm.cpp:1166
Event: 2,246 Thread 0xb6505800 Threw 0xa8aaeaf8 at /build/buildd/openjdk-7-7u21-2.3.9/build/openjdk/hotspot/src/share/vm/prims/jvm.cpp:1166
Event: 2,246 Thread 0xb6505800 Threw 0xa8aaec10 at /build/buildd/openjdk-7-7u21-2.3.9/build/openjdk/hotspot/src/share/vm/prims/jvm.cpp:1166
Event: 2,246 Thread 0xb6505800 Threw 0xa8aafb88 at /build/buildd/openjdk-7-7u21-2.3.9/build/openjdk/hotspot/src/share/vm/prims/jvm.cpp:1166
Event: 2,246 Thread 0xb6505800 Threw 0xa8aafca0 at /build/buildd/openjdk-7-7u21-2.3.9/build/openjdk/hotspot/src/share/vm/prims/jvm.cpp:1166
Event: 2,246 Thread 0xb6505800 Threw 0xa8ab0518 at /build/buildd/openjdk-7-7u21-2.3.9/build/openjdk/hotspot/src/share/vm/prims/jvm.cpp:1166
Event: 2,246 Thread 0xb6505800 Threw 0xa8ab0630 at /build/buildd/openjdk-7-7u21-2.3.9/build/openjdk/hotspot/src/share/vm/prims/jvm.cpp:1166

Events (10 events):
Event: 2,249 loading class 0x88a05110
Event: 2,249 loading class 0x88a05110 done
Event: 2,249 loading class 0x88a06cf8
Event: 2,249 loading class 0x88a06cf8 done
Event: 2,249 loading class 0x88a05398
Event: 2,256 loading class 0x88a05398 done
Event: 2,256 loading class 0x890f9480
Event: 2,260 loading class 0x88a06fc8
Event: 2,260 loading class 0x88a06fc8 done
Event: 2,260 loading class 0x890f9480 done


Dynamic libraries:
08048000-08049000 r-xp 00000000 08:03 1476079    /usr/lib/jvm/java-7-openjdk-i386/jre/bin/java
08049000-0804a000 r--p 00000000 08:03 1476079    /usr/lib/jvm/java-7-openjdk-i386/jre/bin/java
0804a000-0804b000 rw-p 00001000 08:03 1476079    /usr/lib/jvm/java-7-openjdk-i386/jre/bin/java
09d59000-09de2000 rw-p 00000000 00:00 0          [heap]
88a00000-88a21000 rw-p 00000000 00:00 0 
88a21000-88b00000 ---p 00000000 00:00 0 
88b6a000-88bd9000 r-xp 00000000 08:03 893013     /tmp/libgdxmartyj/39095a21/libgdx.so
88bd9000-88bdb000 rw-p 0006f000 08:03 893013     /tmp/libgdxmartyj/39095a21/libgdx.so
88bdb000-88bdc000 ---p 00000000 00:00 0 
88bdc000-88c5c000 rw-p 00000000 00:00 0 
88c5c000-88c5f000 ---p 00000000 00:00 0 
88c5f000-88cad000 rw-p 00000000 00:00 0 
88cad000-88cb0000 ---p 00000000 00:00 0 
88cb0000-88d2e000 rw-p 00000000 00:00 0 
88d2e000-88d31000 ---p 00000000 00:00 0 
88d31000-88daf000 rw-p 00000000 00:00 0 
88daf000-88db2000 ---p 00000000 00:00 0 
88db2000-88e00000 rw-p 00000000 00:00 0 
88e00000-89000000 r--p 00000000 08:03 1261569    /usr/lib/locale/locale-archive
89000000-89100000 rw-p 00000000 00:00 0 
89141000-8914a000 r--s 000bc000 08:03 1564699    /usr/lib/jvm/java-7-openjdk-common/jre/lib/resources.jar
8914a000-8914b000 ---p 00000000 00:00 0 
8914b000-89213000 rw-p 00000000 00:00 0 
89213000-893c0000 r--s 01cde000 08:03 1632575    /usr/lib/jvm/java-7-openjdk-i386/jre/lib/rt.jar
893c0000-8ae00000 rw-p 00000000 00:00 0 
8ae00000-8ae21000 rw-p 00000000 00:00 0 
8ae21000-8af00000 ---p 00000000 00:00 0 
8af07000-8af18000 r--s 00127000 00:15 3073500    /home/ann2/martyj/Docs/S3/projet/Java/lightdark-desktop/libs/gdx-backend-lwjgl.jar
8af18000-8af2e000 r--s 00145000 00:15 3073059    /home/ann2/martyj/Docs/S3/projet/Java/lightdark/libs/gdx.jar
8af2e000-8af31000 ---p 00000000 00:00 0 
8af31000-8af7f000 rw-p 00000000 00:00 0 
8af7f000-8af80000 ---p 00000000 00:00 0 
8af80000-8b000000 rw-p 00000000 00:00 0 
8b000000-8b021000 rw-p 00000000 00:00 0 
8b021000-8b100000 ---p 00000000 00:00 0 
8b102000-8b105000 ---p 00000000 00:00 0 
8b105000-8b153000 rw-p 00000000 00:00 0 
8b153000-8b154000 ---p 00000000 00:00 0 
8b154000-8b1dc000 rw-p 00000000 00:00 0 
8b1dc000-8b214000 rw-p 00000000 00:00 0 
8b214000-8b21f000 rw-p 00000000 00:00 0 
8b21f000-8b2bf000 rw-p 00000000 00:00 0 
8b2bf000-8b2c7000 rw-p 00000000 00:00 0 
8b2c7000-8b2ff000 rw-p 00000000 00:00 0 
8b2ff000-8b30a000 rw-p 00000000 00:00 0 
8b30a000-8b3a9000 rw-p 00000000 00:00 0 
8b3a9000-8b3af000 rw-p 00000000 00:00 0 
8b3af000-8b3ff000 rw-p 00000000 00:00 0 
8b3ff000-8c400000 rw-p 00000000 00:00 0 
8c400000-93400000 rw-p 00000000 00:00 0 
93400000-94890000 rw-p 00000000 00:00 0 
94890000-a8960000 rw-p 00000000 00:00 0 
a8960000-a93a0000 rw-p 00000000 00:00 0 
a93a0000-b3400000 rw-p 00000000 00:00 0 
b3400000-b3401000 rw-p 00000000 00:00 0 
b3401000-b3402000 r--s 00123000 00:15 3073502    /home/ann2/martyj/Docs/S3/projet/Java/lightdark-desktop/libs/gdx-natives.jar
b3402000-b3404000 r--s 0019e000 00:15 3073497    /home/ann2/martyj/Docs/S3/projet/Java/lightdark-desktop/libs/gdx-backend-lwjgl-natives.jar
b3404000-b3407000 r--s 0000b000 00:15 3073061    /home/ann2/martyj/Docs/S3/projet/Java/lightdark/libs/tween-engine-api.jar
b3407000-b3408000 r--s 00001000 00:15 3073057    /home/ann2/martyj/Docs/S3/projet/Java/lightdark/libs/bodyeditor-loader.jar
b3408000-b340b000 r--s 0000f000 08:03 1589253    /usr/lib/jvm/java-7-openjdk-common/jre/lib/ext/pulse-java.jar
b340b000-b3414000 rw-p 00000000 00:00 0 
b3414000-b34cb000 rw-p 00000000 00:00 0 
b34cb000-b370b000 rwxp 00000000 00:00 0 
b370b000-b64cb000 rw-p 00000000 00:00 0 
b64cb000-b6500000 r--s 00000000 08:03 1703966    /var/cache/nscd/passwd
b6500000-b6600000 rw-p 00000000 00:00 0 
b6600000-b6603000 r--s 00032000 08:03 1589252    /usr/lib/jvm/java-7-openjdk-common/jre/lib/ext/sunjce_provider.jar
b6603000-b6607000 r--s 00085000 08:03 1589251    /usr/lib/jvm/java-7-openjdk-common/jre/lib/ext/localedata.jar
b6607000-b660a000 r--s 0003c000 08:03 1589250    /usr/lib/jvm/java-7-openjdk-common/jre/lib/ext/sunpkcs11.jar
b660a000-b6612000 r-xp 00000000 08:03 1739609    /usr/lib/jvm/java-7-openjdk-i386/jre/lib/i386/libzip.so
b6612000-b6613000 r--p 00007000 08:03 1739609    /usr/lib/jvm/java-7-openjdk-i386/jre/lib/i386/libzip.so
b6613000-b6614000 rw-p 00008000 08:03 1739609    /usr/lib/jvm/java-7-openjdk-i386/jre/lib/i386/libzip.so
b6614000-b661c000 rw-s 00000000 08:03 892996     /tmp/hsperfdata_martyj/2481
b661c000-b6643000 r-xp 00000000 08:03 1739723    /usr/lib/jvm/java-7-openjdk-i386/jre/lib/i386/libjava.so
b6643000-b6644000 r--p 00026000 08:03 1739723    /usr/lib/jvm/java-7-openjdk-i386/jre/lib/i386/libjava.so
b6644000-b6645000 rw-p 00027000 08:03 1739723    /usr/lib/jvm/java-7-openjdk-i386/jre/lib/i386/libjava.so
b6645000-b664c000 r-xp 00000000 08:03 674520     /lib/i386-linux-gnu/librt-2.15.so
b664c000-b664d000 r--p 00006000 08:03 674520     /lib/i386-linux-gnu/librt-2.15.so
b664d000-b664e000 rw-p 00007000 08:03 674520     /lib/i386-linux-gnu/librt-2.15.so
b664e000-b6651000 ---p 00000000 00:00 0 
b6651000-b669f000 rw-p 00000000 00:00 0 
b669f000-b66bb000 r-xp 00000000 08:03 672692     /lib/i386-linux-gnu/libgcc_s.so.1
b66bb000-b66bc000 r--p 0001b000 08:03 672692     /lib/i386-linux-gnu/libgcc_s.so.1
b66bc000-b66bd000 rw-p 0001c000 08:03 672692     /lib/i386-linux-gnu/libgcc_s.so.1
b66bd000-b66e7000 r-xp 00000000 08:03 674527     /lib/i386-linux-gnu/libm-2.15.so
b66e7000-b66e8000 r--p 00029000 08:03 674527     /lib/i386-linux-gnu/libm-2.15.so
b66e8000-b66e9000 rw-p 0002a000 08:03 674527     /lib/i386-linux-gnu/libm-2.15.so
b66e9000-b67c1000 r-xp 00000000 08:03 1090925    /usr/lib/i386-linux-gnu/libstdc++.so.6.0.16
b67c1000-b67c2000 ---p 000d8000 08:03 1090925    /usr/lib/i386-linux-gnu/libstdc++.so.6.0.16
b67c2000-b67c6000 r--p 000d8000 08:03 1090925    /usr/lib/i386-linux-gnu/libstdc++.so.6.0.16
b67c6000-b67c7000 rw-p 000dc000 08:03 1090925    /usr/lib/i386-linux-gnu/libstdc++.so.6.0.16
b67c7000-b67ce000 rw-p 00000000 00:00 0 
b67ce000-b70b3000 r-xp 00000000 08:03 1572866    /usr/lib/jvm/java-7-openjdk-i386/jre/lib/i386/server/libjvm.so
b70b3000-b70fa000 r--p 008e5000 08:03 1572866    /usr/lib/jvm/java-7-openjdk-i386/jre/lib/i386/server/libjvm.so
b70fa000-b710e000 rw-p 0092c000 08:03 1572866    /usr/lib/jvm/java-7-openjdk-i386/jre/lib/i386/server/libjvm.so
b710e000-b752c000 rw-p 00000000 00:00 0 
b752c000-b7540000 r-xp 00000000 08:03 672782     /lib/i386-linux-gnu/libz.so.1.2.3.4
b7540000-b7541000 r--p 00013000 08:03 672782     /lib/i386-linux-gnu/libz.so.1.2.3.4
b7541000-b7542000 rw-p 00014000 08:03 672782     /lib/i386-linux-gnu/libz.so.1.2.3.4
b7542000-b7559000 r-xp 00000000 08:03 674524     /lib/i386-linux-gnu/libpthread-2.15.so
b7559000-b755a000 r--p 00016000 08:03 674524     /lib/i386-linux-gnu/libpthread-2.15.so
b755a000-b755b000 rw-p 00017000 08:03 674524     /lib/i386-linux-gnu/libpthread-2.15.so
b755b000-b755d000 rw-p 00000000 00:00 0 
b755d000-b7560000 r-xp 00000000 08:03 674531     /lib/i386-linux-gnu/libdl-2.15.so
b7560000-b7561000 r--p 00002000 08:03 674531     /lib/i386-linux-gnu/libdl-2.15.so
b7561000-b7562000 rw-p 00003000 08:03 674531     /lib/i386-linux-gnu/libdl-2.15.so
b7562000-b7705000 r-xp 00000000 08:03 671808     /lib/i386-linux-gnu/libc-2.15.so
b7705000-b7707000 r--p 001a3000 08:03 671808     /lib/i386-linux-gnu/libc-2.15.so
b7707000-b7708000 rw-p 001a5000 08:03 671808     /lib/i386-linux-gnu/libc-2.15.so
b7708000-b770b000 rw-p 00000000 00:00 0 
b770b000-b770c000 r--s 00007000 08:03 1160981    /usr/share/java/java-atk-wrapper.jar
b770c000-b770d000 r--s 00002000 08:03 1589254    /usr/lib/jvm/java-7-openjdk-common/jre/lib/ext/dnsns.jar
b770d000-b770f000 r--s 00012000 08:03 1589255    /usr/lib/jvm/java-7-openjdk-common/jre/lib/ext/zipfs.jar
b770f000-b7710000 r--p 00858000 08:03 1261569    /usr/lib/locale/locale-archive
b7710000-b7711000 rw-p 00000000 00:00 0 
b7711000-b7712000 r--p 00000000 00:00 0 
b7712000-b771e000 r-xp 00000000 08:03 1739709    /usr/lib/jvm/java-7-openjdk-i386/jre/lib/i386/libverify.so
b771e000-b771f000 r--p 0000b000 08:03 1739709    /usr/lib/jvm/java-7-openjdk-i386/jre/lib/i386/libverify.so
b771f000-b7720000 rw-p 0000c000 08:03 1739709    /usr/lib/jvm/java-7-openjdk-i386/jre/lib/i386/libverify.so
b7720000-b772d000 r-xp 00000000 08:03 1739717    /usr/lib/jvm/java-7-openjdk-i386/jre/lib/i386/jli/libjli.so
b772d000-b772e000 r--p 0000c000 08:03 1739717    /usr/lib/jvm/java-7-openjdk-i386/jre/lib/i386/jli/libjli.so
b772e000-b772f000 rw-p 0000d000 08:03 1739717    /usr/lib/jvm/java-7-openjdk-i386/jre/lib/i386/jli/libjli.so
b772f000-b7732000 rw-p 00000000 00:00 0 
b7732000-b7733000 r-xp 00000000 00:00 0          [vdso]
b7733000-b7753000 r-xp 00000000 08:03 674528     /lib/i386-linux-gnu/ld-2.15.so
b7753000-b7754000 r--p 0001f000 08:03 674528     /lib/i386-linux-gnu/ld-2.15.so
b7754000-b7755000 rw-p 00020000 08:03 674528     /lib/i386-linux-gnu/ld-2.15.so
bff67000-bff88000 rw-p 00000000 00:00 0          [stack]

VM Arguments:
jvm_args: -Dfile.encoding=UTF-8 
java_command: com.me.lightdark.Main
Launcher Type: SUN_STANDARD

Environment Variables:
PATH=/home/ann2/martyj/apps/bin:/usr/lib/lightdm/lightdm:/usr/local/sbin:/usr/local/bin:/usr/sbin:/usr/bin:/sbin:/bin:/usr/games
LD_LIBRARY_PATH=/usr/lib/jvm/java-7-openjdk-i386/jre/lib/i386/server:/usr/lib/jvm/java-7-openjdk-i386/jre/lib/i386:/usr/lib/jvm/java-7-openjdk-i386/jre/../lib/i386:/usr/lib/jvm/java-7-openjdk-i386/jre/lib/i386/client:/usr/lib/jvm/java-7-openjdk-i386/jre/lib/i386:
SHELL=/bin/bash
DISPLAY=:0

Signal Handlers:
SIGSEGV: [libjvm.so+0x753ab0], sa_mask[0]=0x7ffbfeff, sa_flags=0x10000004
SIGBUS: [libjvm.so+0x753ab0], sa_mask[0]=0x7ffbfeff, sa_flags=0x10000004
SIGFPE: [libjvm.so+0x5e95d0], sa_mask[0]=0x7ffbfeff, sa_flags=0x10000004
SIGPIPE: [libjvm.so+0x5e95d0], sa_mask[0]=0x7ffbfeff, sa_flags=0x10000004
SIGXFSZ: [libjvm.so+0x5e95d0], sa_mask[0]=0x7ffbfeff, sa_flags=0x10000004
SIGILL: [libjvm.so+0x5e95d0], sa_mask[0]=0x7ffbfeff, sa_flags=0x10000004
SIGUSR1: SIG_DFL, sa_mask[0]=0x00000000, sa_flags=0x00000000
SIGUSR2: [libjvm.so+0x5e9460], sa_mask[0]=0x00000004, sa_flags=0x10000004
SIGHUP: [libjvm.so+0x5e9ae0], sa_mask[0]=0x7ffbfeff, sa_flags=0x10000004
SIGINT: [libjvm.so+0x5e9ae0], sa_mask[0]=0x7ffbfeff, sa_flags=0x10000004
SIGTERM: [libjvm.so+0x5e9ae0], sa_mask[0]=0x7ffbfeff, sa_flags=0x10000004
SIGQUIT: [libjvm.so+0x5e9ae0], sa_mask[0]=0x7ffbfeff, sa_flags=0x10000004


---------------  S Y S T E M  ---------------

OS:Ubuntu 12.04 (precise)
uname:Linux 3.2.0-48-generic-pae #74-Ubuntu SMP Thu Jun 6 20:05:01 UTC 2013 i686
libc:glibc 2.15 NPTL 2.15 
rlimit: STACK 8192k, CORE 0k, NPROC 15648, NOFILE 4096, AS infinity
load average:0,56 0,37 0,18

/proc/meminfo:
MemTotal:        2017624 kB
MemFree:          317024 kB
Buffers:           88416 kB
Cached:          1015368 kB
SwapCached:            0 kB
Active:           740288 kB
Inactive:         900340 kB
Active(anon):     589700 kB
Inactive(anon):   199536 kB
Active(file):     150588 kB
Inactive(file):   700804 kB
Unevictable:           0 kB
Mlocked:               0 kB
HighTotal:       1139716 kB
HighFree:          14540 kB
LowTotal:         877908 kB
LowFree:          302484 kB
SwapTotal:             0 kB
SwapFree:              0 kB
Dirty:               872 kB
Writeback:             0 kB
AnonPages:        537096 kB
Mapped:           180888 kB
Shmem:            252348 kB
Slab:              34944 kB
SReclaimable:      20340 kB
SUnreclaim:        14604 kB
KernelStack:        3992 kB
PageTables:         7520 kB
NFS_Unstable:          0 kB
Bounce:                0 kB
WritebackTmp:          0 kB
CommitLimit:     1008812 kB
Committed_AS:    3052648 kB
VmallocTotal:     122880 kB
VmallocUsed:       12092 kB
VmallocChunk:     109616 kB
HardwareCorrupted:     0 kB
AnonHugePages:         0 kB
HugePages_Total:       0
HugePages_Free:        0
HugePages_Rsvd:        0
HugePages_Surp:        0
Hugepagesize:       2048 kB
DirectMap4k:       10232 kB
DirectMap2M:      903168 kB


CPU:total 2 (2 cores per cpu, 1 threads per core) family 6 model 15 stepping 11, cmov, cx8, fxsr, mmx, sse, sse2, sse3, ssse3, tsc

/proc/cpuinfo:
processor	: 0
vendor_id	: GenuineIntel
cpu family	: 6
model		: 15
model name	: Intel(R) Core(TM)2 Duo CPU     E6550  @ 2.33GHz
stepping	: 11
microcode	: 0xb3
cpu MHz		: 2333.000
cache size	: 4096 KB
physical id	: 0
siblings	: 2
core id		: 0
cpu cores	: 2
apicid		: 0
initial apicid	: 0
fdiv_bug	: no
hlt_bug		: no
f00f_bug	: no
coma_bug	: no
fpu		: yes
fpu_exception	: yes
cpuid level	: 10
wp		: yes
flags		: fpu vme de pse tsc msr pae mce cx8 apic sep mtrr pge mca cmov pat pse36 clflush dts acpi mmx fxsr sse sse2 ss ht tm pbe nx lm constant_tsc arch_perfmon pebs bts aperfmperf pni dtes64 monitor ds_cpl vmx smx est tm2 ssse3 cx16 xtpr pdcm lahf_lm dtherm tpr_shadow vnmi flexpriority
bogomips	: 4655.10
clflush size	: 64
cache_alignment	: 64
address sizes	: 36 bits physical, 48 bits virtual
power management:

processor	: 1
vendor_id	: GenuineIntel
cpu family	: 6
model		: 15
model name	: Intel(R) Core(TM)2 Duo CPU     E6550  @ 2.33GHz
stepping	: 11
microcode	: 0xb3
cpu MHz		: 2333.000
cache size	: 4096 KB
physical id	: 0
siblings	: 2
core id		: 1
cpu cores	: 2
apicid		: 1
initial apicid	: 1
fdiv_bug	: no
hlt_bug		: no
f00f_bug	: no
coma_bug	: no
fpu		: yes
fpu_exception	: yes
cpuid level	: 10
wp		: yes
flags		: fpu vme de pse tsc msr pae mce cx8 apic sep mtrr pge mca cmov pat pse36 clflush dts acpi mmx fxsr sse sse2 ss ht tm pbe nx lm constant_tsc arch_perfmon pebs bts aperfmperf pni dtes64 monitor ds_cpl vmx smx est tm2 ssse3 cx16 xtpr pdcm lahf_lm dtherm tpr_shadow vnmi flexpriority
bogomips	: 4654.94
clflush size	: 64
cache_alignment	: 64
address sizes	: 36 bits physical, 48 bits virtual
power management:



Memory: 4k page, physical 2017624k(317024k free), swap 0k(0k free)

vm_info: OpenJDK Server VM (23.7-b01) for linux-x86 JRE (1.7.0_21-b02), built on Apr 23 2013 13:58:31 by "buildd" with gcc 4.6.3

time: Wed Dec 11 12:21:52 2013
elapsed time: 2 seconds

